2020-06-01 14:26:34,351 INFO PERFORMANCE:|0|0|-1|-1

2020-06-01 14:31:34,354 INFO PERFORMANCE:|0|0|-1|-1

2020-06-01 14:36:34,354 INFO PERFORMANCE:|0|0|-1|-1

2020-06-01 14:41:34,356 INFO PERFORMANCE:|0|0|-1|-1

2020-06-01 14:46:34,356 INFO PERFORMANCE:|0|0|-1|-1

2020-06-01 14:51:34,357 INFO PERFORMANCE:|0|0|-1|-1

2020-06-01 14:56:34,358 INFO PERFORMANCE:|0|0|-1|-1

2020-06-01 15:01:34,359 INFO PERFORMANCE:|0|0|-1|-1

2020-06-01 15:06:34,359 INFO PERFORMANCE:|2|2|-1|-1

2020-06-01 15:11:34,361 INFO PERFORMANCE:|2|2|-1|-1

2020-06-01 15:16:34,362 INFO PERFORMANCE:|2|2|-1|-1

2020-06-01 15:21:34,363 INFO PERFORMANCE:|2|2|-1|-1

2020-06-01 15:26:34,364 INFO PERFORMANCE:|2|2|-1|-1

2020-06-01 15:31:34,366 INFO PERFORMANCE:|2|1|-1|-1

2020-06-01 15:36:34,367 INFO PERFORMANCE:|2|2|-1|-1

2020-06-01 15:41:34,368 INFO PERFORMANCE:|2|2|-1|-1

2020-06-01 15:46:34,369 INFO PERFORMANCE:|2|2|-1|-1

2020-06-01 15:51:34,369 INFO PERFORMANCE:|2|2|-1|-1

2020-06-01 15:56:34,370 INFO PERFORMANCE:|2|2|-1|-1

2020-06-01 16:01:34,371 INFO PERFORMANCE:|2|2|-1|-1

2020-06-01 16:06:34,373 INFO PERFORMANCE:|3|1|-1|-1

2020-06-01 16:11:34,374 INFO PERFORMANCE:|4|1|-1|-1

2020-06-01 16:16:34,375 INFO PERFORMANCE:|4|3|-1|-1

2020-06-01 16:21:34,376 INFO PERFORMANCE:|4|3|-1|-1

2020-06-01 17:35:44,771 INFO PERFORMANCE:|1|1|-1|-1

2020-06-01 17:40:44,772 INFO PERFORMANCE:|1|1|-1|-1

2020-06-01 17:45:44,772 INFO PERFORMANCE:|1|1|-1|-1

2020-06-01 17:50:44,774 INFO PERFORMANCE:|3|3|-1|-1

2020-06-01 17:55:44,774 INFO PERFORMANCE:|3|3|-1|-1

2020-06-01 18:00:44,775 INFO PERFORMANCE:|3|3|-1|-1

2020-06-01 18:05:44,776 INFO PERFORMANCE:|3|3|-1|-1

