2020-06-01 15:05:12,416 INFO DEFAULT_GROUP@@constomer-server is changed, add it to push queue.

2020-06-01 15:05:51,029 INFO DEFAULT_GROUP@@producer-server is changed, add it to push queue.

2020-06-01 15:10:26,039 INFO DEFAULT_GROUP@@producer-server is changed, add it to push queue.

2020-06-01 15:10:26,040 INFO serviceName: DEFAULT_GROUP@@producer-server changed, schedule push for: 192.168.174.1:59963, agent: Nacos-Java-Client:v1.1.4, key: 192.168.174.1,59963,540368680453500

2020-06-01 15:10:26,040 INFO send udp packet: 192.168.174.1,59963,540368680453500

2020-06-01 15:10:26,047 INFO received ack: {"type": "push-ack", "lastRefTime":"540368680453500", "data":""} from: 192.168.174.1:59963, cost: 7 ms, unacked: 0, total push: 1

2020-06-01 15:10:32,601 INFO DEFAULT_GROUP@@producer-server is changed, add it to push queue.

2020-06-01 15:10:32,602 INFO serviceName: DEFAULT_GROUP@@producer-server changed, schedule push for: 192.168.174.1:59963, agent: Nacos-Java-Client:v1.1.4, key: 192.168.174.1,59963,540375243268699

2020-06-01 15:10:32,602 INFO send udp packet: 192.168.174.1,59963,540375243268699

2020-06-01 15:10:32,606 INFO received ack: {"type": "push-ack", "lastRefTime":"540375243268699", "data":""} from: 192.168.174.1:59963, cost: 4 ms, unacked: 0, total push: 2

2020-06-01 15:10:37,592 INFO DEFAULT_GROUP@@producer-server is changed, add it to push queue.

2020-06-01 15:10:37,592 INFO serviceName: DEFAULT_GROUP@@producer-server changed, schedule push for: 192.168.174.1:59963, agent: Nacos-Java-Client:v1.1.4, key: 192.168.174.1,59963,540380233981200

2020-06-01 15:10:37,592 INFO send udp packet: 192.168.174.1,59963,540380233981200

2020-06-01 15:10:37,594 INFO received ack: {"type": "push-ack", "lastRefTime":"540380233981200", "data":""} from: 192.168.174.1:59963, cost: 2 ms, unacked: 0, total push: 3

2020-06-01 15:16:17,387 INFO DEFAULT_GROUP@@constomer-server is changed, add it to push queue.

2020-06-01 15:16:18,826 INFO DEFAULT_GROUP@@constomer-server is changed, add it to push queue.

2020-06-01 15:16:23,820 INFO DEFAULT_GROUP@@constomer-server is changed, add it to push queue.

2020-06-01 15:18:45,684 INFO DEFAULT_GROUP@@constomer-server is changed, add it to push queue.

2020-06-01 15:19:06,693 INFO DEFAULT_GROUP@@constomer-server is changed, add it to push queue.

2020-06-01 15:19:54,369 INFO DEFAULT_GROUP@@producer-server is changed, add it to push queue.

2020-06-01 15:20:13,048 INFO DEFAULT_GROUP@@producer-server is changed, add it to push queue.

2020-06-01 15:22:51,070 INFO DEFAULT_GROUP@@producer-server is changed, add it to push queue.

2020-06-01 15:22:53,073 INFO DEFAULT_GROUP@@producer-server is changed, add it to push queue.

2020-06-01 15:22:58,068 INFO DEFAULT_GROUP@@producer-server is changed, add it to push queue.

2020-06-01 15:27:22,412 INFO DEFAULT_GROUP@@constomer-server is changed, add it to push queue.

2020-06-01 15:27:26,079 INFO DEFAULT_GROUP@@producer-server is changed, add it to push queue.

2020-06-01 15:27:32,307 INFO DEFAULT_GROUP@@producer-server is changed, add it to push queue.

2020-06-01 15:27:37,300 INFO DEFAULT_GROUP@@producer-server is changed, add it to push queue.

2020-06-01 15:27:37,583 INFO DEFAULT_GROUP@@constomer-server is changed, add it to push queue.

2020-06-01 15:31:12,581 INFO DEFAULT_GROUP@@constomer-server is changed, add it to push queue.

2020-06-01 15:31:27,585 INFO DEFAULT_GROUP@@constomer-server is changed, add it to push queue.

2020-06-01 15:32:36,965 INFO DEFAULT_GROUP@@constomer-server is changed, add it to push queue.

2020-06-01 15:33:40,682 INFO DEFAULT_GROUP@@constomer-server is changed, add it to push queue.

2020-06-01 15:33:51,091 INFO DEFAULT_GROUP@@producer-server is changed, add it to push queue.

2020-06-01 15:33:53,660 INFO DEFAULT_GROUP@@producer-server is changed, add it to push queue.

2020-06-01 15:33:58,511 INFO DEFAULT_GROUP@@producer-server is changed, add it to push queue.

2020-06-01 15:34:01,246 INFO DEFAULT_GROUP@@constomer-server is changed, add it to push queue.

2020-06-01 15:37:37,594 INFO DEFAULT_GROUP@@constomer-server is changed, add it to push queue.

2020-06-01 15:37:41,912 INFO DEFAULT_GROUP@@constomer-server is changed, add it to push queue.

2020-06-01 15:37:46,905 INFO DEFAULT_GROUP@@constomer-server is changed, add it to push queue.

2020-06-01 15:38:57,597 INFO DEFAULT_GROUP@@constomer-server is changed, add it to push queue.

2020-06-01 15:39:01,100 INFO DEFAULT_GROUP@@producer-server is changed, add it to push queue.

2020-06-01 15:39:08,146 INFO DEFAULT_GROUP@@producer-server is changed, add it to push queue.

2020-06-01 15:39:10,532 INFO DEFAULT_GROUP@@constomer-server is changed, add it to push queue.

2020-06-01 15:39:13,140 INFO DEFAULT_GROUP@@producer-server is changed, add it to push queue.

2020-06-01 15:39:15,521 INFO DEFAULT_GROUP@@constomer-server is changed, add it to push queue.

2020-06-01 15:42:07,982 INFO DEFAULT_GROUP@@constomer-server is changed, add it to push queue.

2020-06-01 15:42:28,097 INFO DEFAULT_GROUP@@constomer-server is changed, add it to push queue.

2020-06-01 15:47:47,616 INFO DEFAULT_GROUP@@constomer-server is changed, add it to push queue.

2020-06-01 15:47:51,758 INFO DEFAULT_GROUP@@constomer-server is changed, add it to push queue.

2020-06-01 15:47:56,752 INFO DEFAULT_GROUP@@constomer-server is changed, add it to push queue.

2020-06-01 15:51:09,626 WARN client: 192.168.174.1:63876 already associated with key serviceName: DEFAULT_GROUP@@producer-server, clusters: , address: /192.168.174.1:63876, agent: Nacos-Java-Client:v1.1.4

2020-06-01 15:54:24,459 WARN client: 192.168.174.1:61697 already associated with key serviceName: DEFAULT_GROUP@@constomer-server, clusters: , address: /192.168.174.1:61697, agent: Nacos-Java-Client:v1.1.4

2020-06-01 15:56:20,955 WARN client: 192.168.174.1:63300 already associated with key serviceName: DEFAULT_GROUP@@producer-server, clusters: , address: /192.168.174.1:63300, agent: Nacos-Java-Client:v1.1.4

2020-06-01 16:02:02,669 INFO DEFAULT_GROUP@@producer-server is changed, add it to push queue.

2020-06-01 16:02:02,669 INFO serviceName: DEFAULT_GROUP@@producer-server changed, schedule push for: 192.168.174.1:50760, agent: Nacos-Java-Client:v1.1.4, key: 192.168.174.1,50760,543465310800700

2020-06-01 16:02:02,669 INFO send udp packet: 192.168.174.1,50760,543465310800700

2020-06-01 16:02:02,670 INFO serviceName: DEFAULT_GROUP@@producer-server changed, schedule push for: 192.168.174.1:60192, agent: Nacos-Java-Client:v1.1.4, key: 192.168.174.1,60192,543465310800700

2020-06-01 16:02:02,670 INFO send udp packet: 192.168.174.1,60192,543465310800700

2020-06-01 16:02:02,675 INFO received ack: {"type": "push-ack", "lastRefTime":"543465310800700", "data":""} from: 192.168.174.1:50760, cost: 6 ms, unacked: 1, total push: 5

2020-06-01 16:02:02,677 INFO received ack: {"type": "push-ack", "lastRefTime":"543465310800700", "data":""} from: 192.168.174.1:60192, cost: 7 ms, unacked: 0, total push: 5

2020-06-01 16:02:17,651 INFO DEFAULT_GROUP@@constomer-server is changed, add it to push queue.

2020-06-01 16:02:23,013 WARN client: 192.168.174.1:52854 already associated with key serviceName: DEFAULT_GROUP@@producer-server, clusters: , address: /192.168.174.1:52854, agent: Nacos-Java-Client:v1.1.4

2020-06-01 16:02:32,653 INFO DEFAULT_GROUP@@constomer-server is changed, add it to push queue.

2020-06-01 16:02:32,653 INFO serviceName: DEFAULT_GROUP@@constomer-server changed, schedule push for: 192.168.174.1:52854, agent: Nacos-Java-Client:v1.1.4, key: 192.168.174.1,52854,543495294540400

2020-06-01 16:02:32,653 INFO send udp packet: 192.168.174.1,52854,543495294540400

2020-06-01 16:02:32,657 INFO received ack: {"type": "push-ack", "lastRefTime":"543495294540400", "data":""} from: 192.168.174.1:52854, cost: 4 ms, unacked: 0, total push: 6

2020-06-01 16:04:26,235 WARN client: 192.168.174.1:64383 already associated with key serviceName: DEFAULT_GROUP@@constomer-server, clusters: , address: /192.168.174.1:64383, agent: Nacos-Java-Client:v1.1.4

2020-06-01 16:06:12,605 INFO DEFAULT_GROUP@@spring-cloud-gateway-server is changed, add it to push queue.

2020-06-01 16:08:02,607 INFO DEFAULT_GROUP@@spring-cloud-gateway-server is changed, add it to push queue.

2020-06-01 16:08:05,489 INFO DEFAULT_GROUP@@spring-cloud-gateway-server is changed, add it to push queue.

2020-06-01 16:08:10,468 INFO DEFAULT_GROUP@@spring-cloud-gateway-server is changed, add it to push queue.

2020-06-01 16:09:27,612 INFO DEFAULT_GROUP@@spring-cloud-gateway-server is changed, add it to push queue.

2020-06-01 16:09:35,665 INFO DEFAULT_GROUP@@gateway-server is changed, add it to push queue.

2020-06-01 16:09:42,615 INFO DEFAULT_GROUP@@spring-cloud-gateway-server is changed, add it to push queue.

2020-06-01 16:11:40,668 INFO DEFAULT_GROUP@@gateway-server is changed, add it to push queue.

2020-06-01 16:11:45,541 INFO DEFAULT_GROUP@@gateway-server is changed, add it to push queue.

2020-06-01 16:11:50,521 INFO DEFAULT_GROUP@@gateway-server is changed, add it to push queue.

2020-06-01 16:12:43,390 INFO DEFAULT_GROUP@@producer-server is changed, add it to push queue.

2020-06-01 16:12:48,895 INFO DEFAULT_GROUP@@constomer-server is changed, add it to push queue.

2020-06-01 16:16:30,684 INFO DEFAULT_GROUP@@gateway-server is changed, add it to push queue.

2020-06-01 16:16:32,703 INFO DEFAULT_GROUP@@gateway-server is changed, add it to push queue.

2020-06-01 16:16:37,682 INFO DEFAULT_GROUP@@gateway-server is changed, add it to push queue.

2020-06-01 16:17:20,690 INFO DEFAULT_GROUP@@gateway-server is changed, add it to push queue.

2020-06-01 16:17:26,450 INFO DEFAULT_GROUP@@gateway-server is changed, add it to push queue.

2020-06-01 16:17:31,429 INFO DEFAULT_GROUP@@gateway-server is changed, add it to push queue.

2020-06-01 16:18:45,695 INFO DEFAULT_GROUP@@gateway-server is changed, add it to push queue.

2020-06-01 16:18:49,590 INFO DEFAULT_GROUP@@gateway-server is changed, add it to push queue.

2020-06-01 16:18:54,569 INFO DEFAULT_GROUP@@gateway-server is changed, add it to push queue.

2020-06-01 16:20:50,700 INFO DEFAULT_GROUP@@gateway-server is changed, add it to push queue.

2020-06-01 16:20:58,510 INFO DEFAULT_GROUP@@gateway-server is changed, add it to push queue.

2020-06-01 16:21:03,489 INFO DEFAULT_GROUP@@gateway-server is changed, add it to push queue.

2020-06-01 16:22:55,703 INFO DEFAULT_GROUP@@gateway-server is changed, add it to push queue.

2020-06-01 16:22:56,211 INFO DEFAULT_GROUP@@producer-server is changed, add it to push queue.

2020-06-01 16:22:57,703 INFO DEFAULT_GROUP@@constomer-server is changed, add it to push queue.

2020-06-01 16:23:10,709 INFO DEFAULT_GROUP@@gateway-server is changed, add it to push queue.

2020-06-01 16:23:11,214 INFO DEFAULT_GROUP@@producer-server is changed, add it to push queue.

2020-06-01 16:23:12,705 INFO DEFAULT_GROUP@@constomer-server is changed, add it to push queue.

2020-06-01 17:35:21,495 INFO DEFAULT_GROUP@@gateway-server is changed, add it to push queue.

2020-06-01 17:35:58,480 INFO DEFAULT_GROUP@@gateway-server is changed, add it to push queue.

2020-06-01 17:36:22,668 INFO DEFAULT_GROUP@@gateway-server is changed, add it to push queue.

2020-06-01 17:46:39,443 INFO DEFAULT_GROUP@@constomer-server is changed, add it to push queue.

2020-06-01 17:46:55,966 INFO DEFAULT_GROUP@@producer-server is changed, add it to push queue.

2020-06-01 17:47:40,967 INFO DEFAULT_GROUP@@producer-server is changed, add it to push queue.

2020-06-01 17:47:43,289 INFO DEFAULT_GROUP@@producer-server is changed, add it to push queue.

2020-06-01 17:47:48,283 INFO DEFAULT_GROUP@@producer-server is changed, add it to push queue.

